OTUS - 2025-07-03 07:54:03 - Host:  - UNCAUGHT_EXCEPTION - [ErrorException] E_WARNING
Undefined array key "REMOTE_USER" (0)
/home/bitrix/www/bitrix/modules/main/classes/general/site.php(953) : eval()'d code:1
#0: eval
	/home/bitrix/www/bitrix/modules/main/classes/general/site.php:953
#1: CAllSite::GetCurTemplate
	/home/bitrix/www/bitrix/modules/main/include.php:468
#2: require_once(string)
	/home/bitrix/www/bitrix/modules/main/include/prolog_before.php:19
#3: require(string)
	/home/bitrix/www/bitrix/modules/main/tools/cron_events.php:11
----------

OTUS - 2025-07-03 07:55:03 - Host:  - UNCAUGHT_EXCEPTION - [ErrorException] E_WARNING
Undefined array key "REMOTE_USER" (0)
/home/bitrix/www/bitrix/modules/main/classes/general/site.php(953) : eval()'d code:1
#0: eval
	/home/bitrix/www/bitrix/modules/main/classes/general/site.php:953
#1: CAllSite::GetCurTemplate
	/home/bitrix/www/bitrix/modules/main/include.php:468
#2: require_once(string)
	/home/bitrix/www/bitrix/modules/main/include/prolog_before.php:19
#3: require(string)
	/home/bitrix/www/bitrix/modules/main/tools/cron_events.php:11
----------

OTUS - 2025-07-03 07:56:03 - Host:  - UNCAUGHT_EXCEPTION - [ErrorException] E_WARNING
Undefined array key "REMOTE_USER" (0)
/home/bitrix/www/bitrix/modules/main/classes/general/site.php(953) : eval()'d code:1
#0: eval
	/home/bitrix/www/bitrix/modules/main/classes/general/site.php:953
#1: CAllSite::GetCurTemplate
	/home/bitrix/www/bitrix/modules/main/include.php:468
#2: require_once(string)
	/home/bitrix/www/bitrix/modules/main/include/prolog_before.php:19
#3: require(string)
	/home/bitrix/www/bitrix/modules/main/tools/cron_events.php:11
----------

OTUS - 2025-07-03 07:56:36 - Host: 192.168.56.102:80 - UNCAUGHT_EXCEPTION - [DivisionByZeroError] 
Division by zero (0)
/home/bitrix/www/local/Otus/index.php:4
----------

OTUS - 2025-07-03 07:57:04 - Host:  - UNCAUGHT_EXCEPTION - [ErrorException] E_WARNING
Undefined array key "REMOTE_USER" (0)
/home/bitrix/www/bitrix/modules/main/classes/general/site.php(953) : eval()'d code:1
#0: eval
	/home/bitrix/www/bitrix/modules/main/classes/general/site.php:953
#1: CAllSite::GetCurTemplate
	/home/bitrix/www/bitrix/modules/main/include.php:468
#2: require_once(string)
	/home/bitrix/www/bitrix/modules/main/include/prolog_before.php:19
#3: require(string)
	/home/bitrix/www/bitrix/modules/main/tools/cron_events.php:11
----------

